<?xml version="1.0" encoding="UTF-8"?>
<!-- Generated by org.testng.reporters.JUnitReportReporter -->
<testsuite skipped="0" hostname="MITSLPT099" name="com.mits.selenium.testing.ParametersTesting" tests="2" failures="0" timestamp="13 Dec 2017 02:25:21 GMT" time="0.016" errors="0">
  <testcase name="FillLoginForm" time="0.016" classname="com.mits.selenium.testing.ParametersTesting"/>
  <testcase name="OpenBrowser" time="0.000" classname="com.mits.selenium.testing.ParametersTesting"/>
</testsuite> <!-- com.mits.selenium.testing.ParametersTesting -->
