<?xml version="1.0" encoding="UTF-8"?>
<!-- Generated by org.testng.reporters.JUnitReportReporter -->
<testsuite skipped="0" hostname="MITSLPT099" name="com.mits.selenium.testing.SeleniumWebDriverTest" tests="1" failures="0" timestamp="13 Dec 2017 02:25:21 GMT" time="9.091" errors="0">
  <testcase name="MyFirstTestNGTestCase" time="9.091" classname="com.mits.selenium.testing.SeleniumWebDriverTest"/>
</testsuite> <!-- com.mits.selenium.testing.SeleniumWebDriverTest -->
