<?xml version="1.0" encoding="UTF-8"?>
<!-- Generated by org.testng.reporters.JUnitReportReporter -->
<testsuite skipped="0" hostname="MITSLPT099" name="com.mits.selenium.testing.OptionalTesting" tests="2" failures="0" timestamp="13 Dec 2017 02:25:21 GMT" time="0.000" errors="0">
  <testcase name="optionCheck" time="0.000" classname="com.mits.selenium.testing.OptionalTesting"/>
  <testcase name="optionCheck" time="0.000" classname="com.mits.selenium.testing.OptionalTesting"/>
</testsuite> <!-- com.mits.selenium.testing.OptionalTesting -->
